<?xml version="1.0" encoding="UTF-8"?>
<!-- Generated by org.testng.reporters.JUnitReportReporter -->
<testsuite skipped="0" hostname="MacBook-Pro-Bekzhan.local" name="pomdesign.WebOrderTests" tests="2" failures="0" timestamp="11 Jul 2018 06:52:10 GMT" time="2.714" errors="0">
  <testcase name="labelsVerification" time="1.324" classname="pomdesign.WebOrderTests"/>
  <testcase name="availableProductsTest" time="1.390" classname="pomdesign.WebOrderTests"/>
</testsuite> <!-- pomdesign.WebOrderTests -->
