<?xml version="1.0" encoding="UTF-8"?>
<!-- Generated by org.testng.reporters.JUnitReportReporter -->
<testsuite skipped="2" hostname="MacBook-Pro-Bekzhan.local" name="pomdesign.WebOrdersLoginTests" tests="3" failures="0" timestamp="11 Jul 2018 03:33:02 GMT" time="0.650" errors="0">
  <testcase name="invalidUserNameOrPasswordTest" time="0.650" classname="pomdesign.WebOrdersLoginTests"/>
  <testcase name="positiveLoginTest" classname="pomdesign.WebOrdersLoginTests">
    <skipped/>
  </testcase> <!-- positiveLoginTest -->
  <testcase name="positiveLoginTestUsingPOM" classname="pomdesign.WebOrdersLoginTests">
    <skipped/>
  </testcase> <!-- positiveLoginTestUsingPOM -->
</testsuite> <!-- pomdesign.WebOrdersLoginTests -->
